<?xml version="1.0" encoding="UTF-8"?>
<testng-results skipped="0" failed="0" total="1" passed="1">
  <reporter-output>
  </reporter-output>
  <suite name="Default suite" duration-ms="36136" started-at="2016-06-24T09:41:08Z" finished-at="2016-06-24T09:41:44Z">
    <groups>
    </groups>
    <test name="Default test" duration-ms="36136" started-at="2016-06-24T09:41:08Z" finished-at="2016-06-24T09:41:44Z">
      <class name="NewTest">
        <test-method status="PASS" signature="beforeTest()[pri:0, instance:NewTest@69e1968d]" name="beforeTest" is-config="true" duration-ms="36119" started-at="2016-06-24T15:11:08Z" finished-at="2016-06-24T15:11:44Z">
          <reporter-output>
          </reporter-output>
        </test-method> <!-- beforeTest -->
        <test-method status="PASS" signature="f()[pri:0, instance:NewTest@69e1968d]" name="f" duration-ms="7" started-at="2016-06-24T15:11:44Z" finished-at="2016-06-24T15:11:44Z">
          <reporter-output>
          </reporter-output>
        </test-method> <!-- f -->
      </class> <!-- NewTest -->
    </test> <!-- Default test -->
  </suite> <!-- Default suite -->
</testng-results>
